C:\USERS\EMIL\DOCUMENTS\VISUAL STUDIO 2012\PROJECTS\GCPUID\PROJECT1\DEBUG\MAIN.OBJ
C:\USERS\EMIL\DOCUMENTS\VISUAL STUDIO 2012\PROJECTS\GCPUID\PROJECT1\DEBUG\VC110.PDB
C:\USERS\EMIL\DOCUMENTS\VISUAL STUDIO 2012\PROJECTS\GCPUID\DEBUG\GCPUID.ILK
C:\USERS\EMIL\DOCUMENTS\VISUAL STUDIO 2012\PROJECTS\GCPUID\DEBUG\GCPUID.EXE
C:\USERS\EMIL\DOCUMENTS\VISUAL STUDIO 2012\PROJECTS\GCPUID\DEBUG\GCPUID.PDB
C:\Users\Emil\Documents\Visual Studio 2012\Projects\gcpuid\Project1\Debug\main.obj
C:\Users\Emil\Documents\Visual Studio 2012\Projects\gcpuid\Project1\Debug\cl.command.1.tlog
C:\Users\Emil\Documents\Visual Studio 2012\Projects\gcpuid\Project1\Debug\CL.read.1.tlog
C:\Users\Emil\Documents\Visual Studio 2012\Projects\gcpuid\Project1\Debug\CL.write.1.tlog
C:\Users\Emil\Documents\Visual Studio 2012\Projects\gcpuid\Project1\Debug\link-cvtres.read.1.tlog
C:\Users\Emil\Documents\Visual Studio 2012\Projects\gcpuid\Project1\Debug\link-cvtres.write.1.tlog
C:\Users\Emil\Documents\Visual Studio 2012\Projects\gcpuid\Project1\Debug\link-rc.read.1.tlog
C:\Users\Emil\Documents\Visual Studio 2012\Projects\gcpuid\Project1\Debug\link-rc.write.1.tlog
C:\Users\Emil\Documents\Visual Studio 2012\Projects\gcpuid\Project1\Debug\link.command.1.tlog
C:\Users\Emil\Documents\Visual Studio 2012\Projects\gcpuid\Project1\Debug\link.read.1.tlog
C:\Users\Emil\Documents\Visual Studio 2012\Projects\gcpuid\Project1\Debug\link.write.1.tlog
C:\Users\Emil\Documents\Visual Studio 2012\Projects\gcpuid\Project1\Debug\vc110.idb
C:\Users\Emil\Documents\Visual Studio 2012\Projects\gcpuid\Project1\Debug\vc110.pdb
C:\Users\Emil\Documents\Visual Studio 2012\Projects\gcpuid\Debug\gcpuid.pdb
C:\Users\Emil\Documents\Visual Studio 2012\Projects\gcpuid\Debug\gcpuid.exe
C:\Users\Emil\Documents\Visual Studio 2012\Projects\gcpuid\Debug\gcpuid.ilk
